\BOOKMARK [1][-]{section*.1}{\376\377\000g\000i\000t\000\040\000c\000a\000n\000\040\000f\000a\000c\000i\000l\000i\000t\000a\000t\000e\000\040\000g\000r\000e\000a\000t\000e\000r\000\040\000r\000e\000p\000r\000o\000d\000u\000c\000i\000b\000i\000l\000i\000t\000y\000\040\000a\000n\000d\000\040\000i\000n\000c\000r\000e\000a\000s\000e\000d\000\040\000t\000r\000a\000n\000s\000p\000a\000r\000e\000n\000c\000y\000\040\000i\000n\000\040\000s\000c\000i\000e\000n\000c\000e\000.}{}% 1
\BOOKMARK [2][-]{section*.2}{\376\377\000A\000b\000s\000t\000r\000a\000c\000t}{section*.1}% 2
\BOOKMARK [1][-]{section*.3}{\376\377\000K\000e\000y\000w\000o\000r\000d\000s}{}% 3
\BOOKMARK [1][-]{section*.4}{\376\377\000F\000i\000n\000d\000i\000n\000g\000s}{}% 4
\BOOKMARK [1][-]{section*.5}{\376\377\000I\000n\000t\000r\000o\000d\000u\000c\000t\000i\000o\000n}{}% 5
\BOOKMARK [2][-]{section*.6}{\376\377\000H\000o\000w\000\040\000g\000i\000t\000\040\000c\000a\000n\000\040\000t\000r\000a\000c\000k\000\040\000v\000a\000r\000i\000o\000u\000s\000\040\000a\000r\000t\000i\000f\000a\000c\000t\000s\000\040\000o\000f\000\040\000a\000\040\000r\000e\000s\000e\000a\000r\000c\000h\000\040\000e\000f\000f\000o\000r\000t}{section*.5}% 6
\BOOKMARK [3][-]{section*.7}{\376\377\000M\000a\000n\000u\000s\000c\000r\000i\000p\000t\000s\000\040\000a\000n\000d\000\040\000n\000o\000t\000e\000s}{section*.6}% 7
\BOOKMARK [3][-]{section*.8}{\376\377\000D\000a\000t\000a\000s\000e\000t\000s}{section*.6}% 8
\BOOKMARK [3][-]{section*.9}{\376\377\000S\000t\000a\000t\000i\000s\000t\000i\000c\000a\000l\000\040\000c\000o\000d\000e\000\040\000a\000n\000d\000\040\000f\000i\000g\000u\000r\000e\000s}{section*.6}% 9
\BOOKMARK [3][-]{section*.10}{\376\377\000C\000o\000m\000p\000l\000e\000t\000e\000\040\000m\000a\000n\000u\000s\000c\000r\000i\000p\000t\000s}{section*.6}% 10
\BOOKMARK [1][-]{section*.11}{\376\377\000U\000s\000e\000\040\000c\000a\000s\000e\000s\000\040\000f\000o\000r\000\040\000g\000i\000t\000\040\000i\000n\000\040\000s\000c\000i\000e\000n\000c\000e}{}% 11
\BOOKMARK [2][-]{section*.12}{\376\377\0001\000.\000\040\000L\000a\000b\000\040\000n\000o\000t\000e\000b\000o\000o\000k}{section*.11}% 12
\BOOKMARK [2][-]{section*.13}{\376\377\0002\000.\000\040\000F\000a\000c\000i\000l\000i\000t\000a\000t\000i\000n\000g\000\040\000C\000o\000l\000l\000a\000b\000o\000r\000a\000t\000i\000o\000n}{section*.11}% 13
\BOOKMARK [2][-]{section*.14}{\376\377\0003\000.\000\040\000B\000a\000c\000k\000u\000p\000\040\000a\000n\000d\000\040\000f\000a\000i\000l\000s\000a\000f\000e\000\040\000a\000g\000a\000i\000n\000s\000t\000\040\000d\000a\000t\000a\000\040\000l\000o\000s\000s}{section*.11}% 14
\BOOKMARK [2][-]{section*.15}{\376\377\0004\000.\000\040\000F\000r\000e\000e\000d\000o\000m\000\040\000t\000o\000\040\000e\000x\000p\000l\000o\000r\000e\000\040\000n\000e\000w\000\040\000i\000d\000e\000a\000s\000\040\000a\000n\000d\000\040\000m\000e\000t\000h\000o\000d\000s}{section*.11}% 15
\BOOKMARK [2][-]{section*.16}{\376\377\0005\000.\000\040\000M\000e\000c\000h\000a\000n\000i\000s\000m\000\040\000t\000o\000\040\000s\000o\000l\000i\000c\000i\000t\000\040\000f\000e\000e\000d\000b\000a\000c\000k\000\040\000a\000n\000d\000\040\000r\000e\000v\000i\000e\000w\000s}{section*.11}% 16
\BOOKMARK [2][-]{section*.17}{\376\377\0006\000.\000\040\000I\000n\000c\000r\000e\000a\000s\000e\000\040\000t\000r\000a\000n\000s\000p\000a\000r\000e\000n\000c\000y\000\040\000a\000n\000d\000\040\000v\000e\000r\000i\000f\000i\000a\000b\000i\000l\000i\000t\000y}{section*.11}% 17
\BOOKMARK [2][-]{section*.18}{\376\377\0007\000.\000\040\000M\000a\000n\000a\000g\000i\000n\000g\000\040\000l\000a\000r\000g\000e\000\040\000d\000a\000t\000a}{section*.11}% 18
\BOOKMARK [2][-]{section*.19}{\376\377\0008\000.\000\040\000L\000o\000w\000e\000r\000i\000n\000g\000\040\000b\000a\000r\000r\000i\000e\000r\000s\000\040\000t\000o\000\040\000r\000e\000u\000s\000e}{section*.11}% 19
\BOOKMARK [1][-]{section*.20}{\376\377\000C\000o\000n\000c\000l\000u\000s\000i\000o\000n\000s}{}% 20
\BOOKMARK [2][-]{section*.21}{\376\377\000L\000i\000s\000t\000\040\000o\000f\000\040\000A\000b\000b\000r\000e\000v\000i\000a\000t\000i\000o\000n\000s}{section*.20}% 21
\BOOKMARK [2][-]{section*.22}{\376\377\000A\000c\000k\000n\000o\000w\000l\000e\000d\000g\000e\000m\000e\000n\000t\000s}{section*.20}% 22
\BOOKMARK [2][-]{section*.23}{\376\377\000A\000u\000t\000h\000o\000r\000\040\000c\000o\000n\000t\000r\000i\000b\000u\000t\000i\000o\000n\000s}{section*.20}% 23
\BOOKMARK [2][-]{section*.24}{\376\377\000C\000o\000m\000p\000e\000t\000i\000n\000g\000\040\000i\000n\000t\000e\000r\000e\000s\000t\000s}{section*.20}% 24
\BOOKMARK [2][-]{section*.25}{\376\377\000F\000u\000n\000d\000i\000n\000g\000\040\000s\000u\000p\000p\000o\000r\000t}{section*.20}% 25
\BOOKMARK [2][-]{section*.26}{\376\377\000L\000i\000t\000e\000r\000a\000t\000u\000r\000e\000\040\000C\000i\000t\000e\000d}{section*.20}% 26
